<?xml version="1.0" encoding="UTF-8"?>
<datasources xmlns="http://www.jboss.org/ironjacamar/schema">
    <datasource 
        jndi-name="java:jboss/datasources/uqasar-testDS" 
        enabled="true" 
        use-java-context="true" pool-name="uqasar-testPool">
        <connection-url>jdbc:h2:mem:uqasar-test;DB_CLOSE_DELAY=-1</connection-url>
        <driver>h2</driver>
        <pool></pool>
        <security>
            <user-name>sa</user-name>
            <password>sa</password>
        </security>
    </datasource>
</datasources>